<?xml version="1.0" encoding="UTF-8"?>
<testsuite xmlns:xsi="http://www.w3.org/2001/XMLSchema-instance" xsi:noNamespaceSchemaLocation="https://maven.apache.org/surefire/maven-surefire-plugin/xsd/surefire-test-report-3.0.xsd" version="3.0" name="TestSuite" time="11.905" tests="4" errors="0" skipped="0" failures="0">
  <properties>
[...]
</properties>
  <testcase name="Login" classname="pkg_mavenTestNg.SaucelabsAutomationTestNGTest" time="2.39">
    <system-err><![CDATA[Starting ChromeDriver 91.0.4472.101 (af52a90bf87030dd1523486a1cd3ae25c5d76c9b-refs/branch-heads/4472@{#1462}) on port 7141
Only local connections are allowed.
Please see https://chromedriver.chromium.org/security-considerations for suggestions on keeping ChromeDriver safe.
ChromeDriver was started successfully.
[1627525381.318][WARNING]: This version of ChromeDriver has not been tested with Chrome version 92.
Jul 29, 2021 7:53:01 AM org.openqa.selenium.remote.ProtocolHandshake createSession
INFO: Detected dialect: W3C
]]></system-err>
  </testcase>
  <testcase name="checkout" classname="pkg_mavenTestNg.SaucelabsAutomationTestNGTest" time="0.279"/>
  <testcase name="CustormerDetails" classname="pkg_mavenTestNg.SaucelabsAutomationTestNGTest" time="0.675"/>
  <testcase name="Logout" classname="pkg_mavenTestNg.SaucelabsAutomationTestNGTest" time="5.196"/>
</testsuite>