<?xml version="1.0" encoding="UTF-8"?>
<!-- Generated by org.testng.reporters.JUnitXMLReporter -->
<testsuite hostname="LAPTOP-CTRLAISOFTWARE" ignored="0" name="Test" tests="4" failures="0" timestamp="2021-07-29T07:53:10 IST" time="11.452" errors="0">
  <testcase name="Login" time="2.411" classname="pkg_mavenTestNg.SaucelabsAutomationTestNGTest"/>
  <testcase name="checkout" time="0.278" classname="pkg_mavenTestNg.SaucelabsAutomationTestNGTest"/>
  <testcase name="CustormerDetails" time="0.675" classname="pkg_mavenTestNg.SaucelabsAutomationTestNGTest"/>
  <testcase name="Logout" time="5.196" classname="pkg_mavenTestNg.SaucelabsAutomationTestNGTest"/>
</testsuite> <!-- Test -->
